<?xml version="1.0" encoding="UTF-8"?>
<!-- Generated by org.testng.reporters.JUnitXMLReporter -->
<testsuite hostname="KH-HYD-35" ignored="3" name="Test" tests="4" failures="0" timestamp="2021-05-01T19:05:01 IST" time="11.187" errors="0">
  <testcase name="CreateValidTrialUser" time="5.527" classname="com.trial.CreateTrialUsers"/>
  <testcase name="CreateExistingTrialUser" time="1.513" classname="com.trial.CreateTrialUsers"/>
  <testcase name="Email_blank" time="1.239" classname="com.trial.CreateTrialUsers_InvalidData"/>
  <testcase name="Email_invalid" time="2.86" classname="com.trial.CreateTrialUsers_InvalidData"/>
  <testcase name="Name_splchars" time="0.0" classname="com.trial.CreateTrialUsers_InvalidData">
    <ignored/>
  </testcase> <!-- Name_splchars -->
  <testcase name="InValidUserID_splchars" time="0.0" classname="com.trial.CreateTrialUsers_InvalidData">
    <ignored/>
  </testcase> <!-- InValidUserID_splchars -->
  <testcase name="InValidUserID_string" time="0.0" classname="com.trial.CreateTrialUsers_InvalidData">
    <ignored/>
  </testcase> <!-- InValidUserID_string -->
</testsuite> <!-- Test -->
